<?xml version="1.0" encoding="UTF-8"?>

<beans xmlns="http://www.springframework.org/schema/beans"
	xmlns:xsi="http://www.w3.org/2001/XMLSchema-instance"
	xsi:schemaLocation="
            http://www.springframework.org/schema/beans http://www.springframework.org/schema/beans/spring-beans-3.1.xsd">


	<bean class="org.springframework.beans.factory.config.PropertyPlaceholderConfigurer">
		<property name="locations">
			<list>
				<value>classpath:config.xml</value>
				<value>classpath:test-config.xml</value>
			</list>
		</property>
	</bean>

	<import resource="spring-base-config.xml" />

    <bean id="helloWorldController" class="com.cjqyj.study.helloworld.controller.HelloWorldController" />

    <bean id="springIocTest" class="com.cjqyj.study.spring.SpringIocXML">
        <property name="testList">
            <list>
                <!-- 每个 value, ref, bean 都配置一个 list 元素 -->
                <value>list_first</value>
                <value>list_second</value>
                <value>list_third</value>
            </list>
        </property>
        <property name="testSet">
            <set>
                <value>set_first</value>
                <value>set_second</value>
                <value>set_third</value>
            </set>
        </property>
        <property name="testMap">
            <map>
                <entry key="key1" value="value1" />
                <entry key="key2" value="value2" />
            </map>
        </property>
        <property name="testBeanList">
            <list>
                <!-- 每个 value, ref, bean 都配置一个 list 元素 -->
                <ref bean="iocTestBean1" />
                <ref bean="iocTestBean2" />
                <ref bean="iocTestBean3" />
            </list>
        </property>
    </bean>

</beans>

