<?xml version="1.0" encoding="utf-8" ?>
<!DOCTYPE properties SYSTEM "http://java.sun.com/dtd/properties.dtd">
<properties>

    <entry key="db.url">jdbc:mysql://localhost:3306/corplus-study?useUnicode=true&amp;characterEncoding=utf-8</entry>

</properties>